<?xml version="1.0" encoding="UTF-8"?>
<!-- Generated by org.testng.reporters.JUnitReportReporter -->
<testsuite hostname="DESKTOP-2TF16RA" failures="0" tests="1" name="testSet_01.TestCase_01" time="128.728" errors="0" timestamp="2021-01-20T14:08:55 IST" skipped="0">
  <testcase classname="testSet_01.TestCase_01" name="test" time="128.728"/>
</testsuite> <!-- testSet_01.TestCase_01 -->
